{"logTime": "0204/025934", "correlationVector":"crqy5k8MZEx4LjkUztNf+h.0","action":"FeedSettingFetch_homeCloud", "result":"0", "context":{}}
{"logTime": "0204/025934", "correlationVector":"crqy5k8MZEx4LjkUztNf+h.0","action":"SyncServerConnectionManagerRequest", "result":"SYNC_SERVER_OK", "context":{"environment":"", "server":""}}
{"logTime": "0204/025934", "correlationVector":"sdZOPKveCcFg1bBfkjDljp.1","action":"SyncServerConnectionManagerRequest", "result":"SYNC_SERVER_OK", "context":{"environment":"48F630A6-CB1B-4CC7-86AF-0F6627234B58|106", "server":"BN3PEPF00000878"}}
{"logTime": "0204/025934", "correlationVector":"IH8KPMnT0b8J+p1vfFPP2p.1","action":"SyncServerConnectionManagerRequest", "result":"SYNC_SERVER_OK", "context":{"environment":"48F630A6-CB1B-4CC7-86AF-0F6627234B58|106", "server":"BN3PEPF00000878"}}
{"logTime": "0204/025934", "correlationVector":"sdZOPKveCcFg1bBfkjDljp","action":"Initial GetUpdates", "result":""}
{"logTime": "0204/025934", "correlationVector":"sdZOPKveCcFg1bBfkjDljp.2","action":"GetUpdates Response", "result":"SERVER_MORE_TO_DOWNLOAD"}
{"logTime": "0204/025934", "correlationVector":"IH8KPMnT0b8J+p1vfFPP2p","action":"Initial GetUpdates", "result":""}
{"logTime": "0204/025934", "correlationVector":"IH8KPMnT0b8J+p1vfFPP2p.2","action":"GetUpdates Response", "result":"SYNCER_OK"}
{"logTime": "0204/025934", "correlationVector":"jizMl72ZMQaE3PTLnATqQG","action":"Initial GetUpdates", "result":""}
{"logTime": "0204/025935", "correlationVector":"jizMl72ZMQaE3PTLnATqQG.1","action":"SyncServerConnectionManagerRequest", "result":"SYNC_SERVER_OK", "context":{"environment":"48F630A6-CB1B-4CC7-86AF-0F6627234B58|106", "server":"BN3PEPF00000878"}}
{"logTime": "0204/025935", "correlationVector":"jizMl72ZMQaE3PTLnATqQG.2","action":"GetUpdates Response", "result":"SERVER_MORE_TO_DOWNLOAD"}
{"logTime": "0204/025935", "correlationVector":"hR3Lye1m8coeSCCNZ6xNQ0","action":"Initial GetUpdates", "result":""}
{"logTime": "0204/025936", "correlationVector":"hR3Lye1m8coeSCCNZ6xNQ0.1","action":"SyncServerConnectionManagerRequest", "result":"SYNC_SERVER_OK", "context":{"environment":"48F630A6-CB1B-4CC7-86AF-0F6627234B58|106", "server":"BN3PEPF00000878"}}
{"logTime": "0204/025936", "correlationVector":"hR3Lye1m8coeSCCNZ6xNQ0.2","action":"GetUpdates Response", "result":"SYNCER_OK"}
{"logTime": "0204/025936", "correlationVector":"MMfeOCm0LqPHd1H0g60Ukz","action":"Normal GetUpdate request", "result":""}
{"logTime": "0204/025936", "correlationVector":"MMfeOCm0LqPHd1H0g60Ukz.1","action":"SyncServerConnectionManagerRequest", "result":"SYNC_SERVER_OK", "context":{"environment":"48F630A6-CB1B-4CC7-86AF-0F6627234B58|106", "server":"BN3PEPF00000878"}}
{"logTime": "0204/025936", "correlationVector":"MMfeOCm0LqPHd1H0g60Ukz.2","action":"GetUpdates Response", "result":"SYNCER_OK"}
{"logTime": "0204/025936", "correlationVector":"XzJ/L+HJyGYhIYuxIEqqAV","action":"Commit Request", "result":""}
{"logTime": "0204/025937", "correlationVector":"XzJ/L+HJyGYhIYuxIEqqAV.1","action":"SyncServerConnectionManagerRequest", "result":"SYNC_SERVER_OK", "context":{"environment":"48F630A6-CB1B-4CC7-86AF-0F6627234B58|106", "server":"BN3PEPF00000878"}}
{"logTime": "0204/025937", "correlationVector":"XzJ/L+HJyGYhIYuxIEqqAV.2","action":"Commit Response", "result":"SYNCER_OK"}
{"logTime": "0204/025937", "correlationVector":"xg1RD3EVjql3sMyc/Z2I//","action":"Commit Request", "result":""}
{"logTime": "0204/025937", "correlationVector":"xg1RD3EVjql3sMyc/Z2I//.1","action":"SyncServerConnectionManagerRequest", "result":"SYNC_SERVER_OK", "context":{"environment":"48F630A6-CB1B-4CC7-86AF-0F6627234B58|106", "server":"BN3PEPF00000878"}}
{"logTime": "0204/025937", "correlationVector":"xg1RD3EVjql3sMyc/Z2I//.2","action":"Commit Response", "result":"SYNCER_OK"}
{"logTime": "0204/030326", "correlationVector":"0Q7C3GYI7dOFhPwiHufH6h.0","action":"FeedSettingFetch_homeCloud", "result":"0", "context":{}}
{"logTime": "0204/030326", "correlationVector":"0Q7C3GYI7dOFhPwiHufH6h.0","action":"SyncServerConnectionManagerRequest", "result":"SYNC_SERVER_OK", "context":{"environment":"", "server":""}}
{"logTime": "0204/030326", "correlationVector":"mLvXox17ukFhEY40d9sbze.1","action":"SyncServerConnectionManagerRequest", "result":"SYNC_SERVER_OK", "context":{"environment":"48F630A6-CB1B-4CC7-86AF-0F6627234B58|106", "server":"BN3PEPF00000891"}}
{"logTime": "0204/030326", "correlationVector":"cJbute+QAKWJQmtPVWJRvn.1","action":"SyncServerConnectionManagerRequest", "result":"SYNC_SERVER_OK", "context":{"environment":"48F630A6-CB1B-4CC7-86AF-0F6627234B58|106", "server":"BN3PEPF00000891"}}
{"logTime": "0204/030326", "correlationVector":"mLvXox17ukFhEY40d9sbze","action":"Initial GetUpdates", "result":""}
{"logTime": "0204/030326", "correlationVector":"mLvXox17ukFhEY40d9sbze.2","action":"GetUpdates Response", "result":"SERVER_MORE_TO_DOWNLOAD"}
{"logTime": "0204/030326", "correlationVector":"cJbute+QAKWJQmtPVWJRvn","action":"Initial GetUpdates", "result":""}
{"logTime": "0204/030326", "correlationVector":"cJbute+QAKWJQmtPVWJRvn.2","action":"GetUpdates Response", "result":"SYNCER_OK"}
{"logTime": "0204/030326", "correlationVector":"svPau/y5YacSvpfDL4ZdPJ","action":"Normal GetUpdate request", "result":""}
{"logTime": "0204/030326", "correlationVector":"svPau/y5YacSvpfDL4ZdPJ.1","action":"SyncServerConnectionManagerRequest", "result":"SYNC_SERVER_OK", "context":{"environment":"48F630A6-CB1B-4CC7-86AF-0F6627234B58|106", "server":"BN3PEPF00000891"}}
{"logTime": "0204/030326", "correlationVector":"svPau/y5YacSvpfDL4ZdPJ.2","action":"GetUpdates Response", "result":"SYNCER_OK"}
{"logTime": "0204/031830", "correlationVector":"+i6ibxmAHTYCb0B4ZKj1qk.0","action":"FeedSettingFetch_homeCloud", "result":"0", "context":{}}
{"logTime": "0204/031830", "correlationVector":"wsRnNKGIFvjv7Z1D/s7jMI.1","action":"SyncServerConnectionManagerRequest", "result":"SYNC_SERVER_OK", "context":{"environment":"CC08A770-3E86-455D-AB51-4C9AF7E3E58F|106", "server":"BN2BEAP000014F7"}}
{"logTime": "0204/031830", "correlationVector":"bQAfypbdZJTDMe+xkqyE0F.1","action":"SyncServerConnectionManagerRequest", "result":"SYNC_SERVER_OK", "context":{"environment":"CC08A770-3E86-455D-AB51-4C9AF7E3E58F|106", "server":"BN2BEAP000014F7"}}
{"logTime": "0204/031830", "correlationVector":"wsRnNKGIFvjv7Z1D/s7jMI","action":"Initial GetUpdates", "result":""}
{"logTime": "0204/031830", "correlationVector":"wsRnNKGIFvjv7Z1D/s7jMI.2","action":"GetUpdates Response", "result":"SERVER_MORE_TO_DOWNLOAD"}
{"logTime": "0204/031830", "correlationVector":"bQAfypbdZJTDMe+xkqyE0F","action":"Initial GetUpdates", "result":""}
{"logTime": "0204/031830", "correlationVector":"bQAfypbdZJTDMe+xkqyE0F.2","action":"GetUpdates Response", "result":"SYNCER_OK"}
{"logTime": "0204/031830", "correlationVector":"B+u5X7Jo5SGNTgYHD36LKB","action":"SyncServerConnectionManagerRequest", "result":"SYNC_SERVER_OK", "context":{"environment":"", "server":""}}
{"logTime": "0204/031830", "correlationVector":"AJlznfJTsTB6mDbgcy2bkW","action":"Normal GetUpdate request", "result":""}
{"logTime": "0204/031830", "correlationVector":"AJlznfJTsTB6mDbgcy2bkW.1","action":"SyncServerConnectionManagerRequest", "result":"SYNC_SERVER_OK", "context":{"environment":"CC08A770-3E86-455D-AB51-4C9AF7E3E58F|106", "server":"BN2BEAP000014F7"}}
{"logTime": "0204/031830", "correlationVector":"AJlznfJTsTB6mDbgcy2bkW.2","action":"GetUpdates Response", "result":"SYNCER_OK"}
{"logTime": "0204/031830", "correlationVector":"27fa/q9y/hMtNzHEo/6Wxq","action":"Normal GetUpdate request", "result":""}
{"logTime": "0204/031831", "correlationVector":"27fa/q9y/hMtNzHEo/6Wxq.1","action":"SyncServerConnectionManagerRequest", "result":"SYNC_SERVER_OK", "context":{"environment":"CC08A770-3E86-455D-AB51-4C9AF7E3E58F|106", "server":"BN2BEAP000014F7"}}
{"logTime": "0204/031831", "correlationVector":"27fa/q9y/hMtNzHEo/6Wxq.2","action":"GetUpdates Response", "result":"SYNCER_OK"}
